<?xml version="1.0" encoding="UTF-8"?>
<!-- Generated by org.testng.reporters.JUnitXMLReporter -->
<testsuite ignored="0" hostname="DFW22AAA081819" failures="1" tests="4" name="Test" time="0.078" errors="0" timestamp="2021-10-15T11:56:17 CDT">
  <testcase classname="tests.TestClass" name="testCase1" time="0.016">
    <skipped/>
  </testcase> <!-- testCase1 -->
  <testcase classname="tests.TestClass" name="testCase1" time="0.0">
    <skipped/>
  </testcase> <!-- testCase1 -->
  <testcase classname="tests.TestClass" name="testCase1" time="0.0">
    <skipped/>
  </testcase> <!-- testCase1 -->
  <testcase classname="tests.TestClass" name="testCase1" time="0.0">
    <failure type="java.lang.AssertionError" message="expected [true] but found [false]">
      <![CDATA[java.lang.AssertionError: expected [true] but found [false]
at tests.TestClass.testCase1(TestClass.java:11)
at java.base/java.util.ArrayList.forEach(ArrayList.java:1541)
... Removed 31 stack frames]]>
    </failure>
  </testcase> <!-- testCase1 -->
</testsuite> <!-- Test -->
